2025-11-21 16:53:30.613 [info] Started initializing default profile extensions in extensions installation folder. file:///c%3A/Users/nicki/FSP/.vscode/ext
2025-11-21 16:53:30.676 [warning] Failed to create default profile extensions manifest in extensions installation folder. file:///c%3A/Users/nicki/FSP/.vscode/ext Unable to create file 'vscode-userdata:/c:/Users/nicki/FSP/.vscode/ext/extensions.json' that already exists when overwrite flag is not set
2025-11-21 16:53:30.677 [info] Completed initializing default profile extensions in extensions installation folder. file:///c%3A/Users/nicki/FSP/.vscode/ext
2025-11-21 16:53:49.236 [info] Getting Manifest... ms-python.python
2025-11-21 16:53:49.310 [info] Installing extension: ms-python.python {"isMachineScoped":false,"profileLocation":{"$mid":1,"external":"vscode-userdata:/c%3A/Users/nicki/FSP/.vscode/ext/extensions.json","path":"/C:/Users/nicki/FSP/.vscode/ext/extensions.json","scheme":"vscode-userdata"},"isApplicationScoped":false,"productVersion":{"version":"1.106.0","date":"2025-11-11T16:02:25.943Z"}}
2025-11-21 16:53:49.564 [info] Getting Manifest... ms-python.vscode-pylance
2025-11-21 16:53:49.594 [info] Getting Manifest... ms-python.vscode-python-envs
2025-11-21 16:53:49.615 [info] Getting Manifest... ms-python.debugpy
2025-11-21 16:53:49.641 [info] Installing extension: ms-python.vscode-pylance {"isMachineScoped":false,"profileLocation":{"$mid":1,"external":"vscode-userdata:/c%3A/Users/nicki/FSP/.vscode/ext/extensions.json","path":"/C:/Users/nicki/FSP/.vscode/ext/extensions.json","scheme":"vscode-userdata"},"isApplicationScoped":false,"productVersion":{"version":"1.106.0","date":"2025-11-11T16:02:25.943Z"},"pinned":false,"installGivenVersion":false,"context":{"dependecyOrPackExtensionInstall":true}}
2025-11-21 16:53:49.642 [info] Installing extension: ms-python.vscode-python-envs {"isMachineScoped":false,"profileLocation":{"$mid":1,"external":"vscode-userdata:/c%3A/Users/nicki/FSP/.vscode/ext/extensions.json","path":"/C:/Users/nicki/FSP/.vscode/ext/extensions.json","scheme":"vscode-userdata"},"isApplicationScoped":false,"productVersion":{"version":"1.106.0","date":"2025-11-11T16:02:25.943Z"},"pinned":false,"installGivenVersion":false,"context":{"dependecyOrPackExtensionInstall":true}}
2025-11-21 16:53:49.642 [info] Installing extension: ms-python.debugpy {"isMachineScoped":false,"profileLocation":{"$mid":1,"external":"vscode-userdata:/c%3A/Users/nicki/FSP/.vscode/ext/extensions.json","path":"/C:/Users/nicki/FSP/.vscode/ext/extensions.json","scheme":"vscode-userdata"},"isApplicationScoped":false,"productVersion":{"version":"1.106.0","date":"2025-11-11T16:02:25.943Z"},"pinned":false,"installGivenVersion":false,"context":{"dependecyOrPackExtensionInstall":true}}
2025-11-21 16:53:53.955 [info] Extension signature verification result for ms-python.debugpy: Success. Internal Code: 0. Executed: true. Duration: 491ms.
2025-11-21 16:53:53.966 [info] Extension signature verification result for ms-python.vscode-python-envs: Success. Internal Code: 0. Executed: true. Duration: 751ms.
2025-11-21 16:53:54.338 [info] Extracted extension to file:///c%3A/Users/nicki/FSP/.vscode/ext/ms-python.vscode-python-envs-1.12.0-win32-x64: ms-python.vscode-python-envs
2025-11-21 16:53:54.374 [info] Renamed to c:\Users\nicki\FSP\.vscode\ext\ms-python.vscode-python-envs-1.12.0-win32-x64
2025-11-21 16:53:55.048 [info] Extracted extension to file:///c%3A/Users/nicki/FSP/.vscode/ext/ms-python.debugpy-2025.16.0-win32-x64: ms-python.debugpy
2025-11-21 16:53:55.100 [info] Renamed to c:\Users\nicki\FSP\.vscode\ext\ms-python.debugpy-2025.16.0-win32-x64
2025-11-21 16:53:56.833 [info] Extension signature verification result for ms-python.python: Success. Internal Code: 0. Executed: true. Duration: 304ms.
2025-11-21 16:53:58.006 [info] Extension signature verification result for ms-python.vscode-pylance: Success. Internal Code: 0. Executed: true. Duration: 435ms.
2025-11-21 16:54:00.887 [info] Extracted extension to file:///c%3A/Users/nicki/FSP/.vscode/ext/ms-python.python-2025.18.0-win32-x64: ms-python.python
2025-11-21 16:54:01.119 [info] Renamed to c:\Users\nicki\FSP\.vscode\ext\ms-python.python-2025.18.0-win32-x64
2025-11-21 16:54:09.966 [info] Extracted extension to file:///c%3A/Users/nicki/FSP/.vscode/ext/ms-python.vscode-pylance-2025.9.1: ms-python.vscode-pylance
2025-11-21 16:54:10.546 [info] Renamed to c:\Users\nicki\FSP\.vscode\ext\ms-python.vscode-pylance-2025.9.1
2025-11-21 16:54:10.618 [info] Extension installed successfully: ms-python.vscode-python-envs vscode-userdata:/c%3A/Users/nicki/FSP/.vscode/ext/extensions.json
2025-11-21 16:54:10.619 [info] Extension installed successfully: ms-python.debugpy vscode-userdata:/c%3A/Users/nicki/FSP/.vscode/ext/extensions.json
2025-11-21 16:54:10.619 [info] Extension installed successfully: ms-python.python vscode-userdata:/c%3A/Users/nicki/FSP/.vscode/ext/extensions.json
2025-11-21 16:54:10.619 [info] Extension installed successfully: ms-python.vscode-pylance vscode-userdata:/c%3A/Users/nicki/FSP/.vscode/ext/extensions.json
