2025-11-21 16:53:37.263 [info] [main] Log level: Info
2025-11-21 16:53:37.263 [info] [main] Validating found git in: "C:\Program Files\Git\cmd\git.exe"
2025-11-21 16:53:37.331 [info] [main] Using git "2.51.2.windows.1" from "C:\Program Files\Git\cmd\git.exe"
2025-11-21 16:53:37.331 [info] [Model][doInitialScan] Initial repository scan started
2025-11-21 16:53:37.407 [info] > git rev-parse --show-toplevel [58ms]
2025-11-21 16:53:37.408 [info] fatal: not a git repository (or any of the parent directories): .git
2025-11-21 16:53:37.470 [info] > git rev-parse --show-toplevel [58ms]
2025-11-21 16:53:37.470 [info] fatal: not a git repository (or any of the parent directories): .git
2025-11-21 16:53:37.530 [info] > git rev-parse --show-toplevel [57ms]
2025-11-21 16:53:37.530 [info] fatal: not a git repository (or any of the parent directories): .git
2025-11-21 16:53:37.591 [info] > git rev-parse --show-toplevel [58ms]
2025-11-21 16:53:37.591 [info] fatal: not a git repository (or any of the parent directories): .git
2025-11-21 16:53:37.651 [info] > git rev-parse --show-toplevel [56ms]
2025-11-21 16:53:37.651 [info] fatal: not a git repository (or any of the parent directories): .git
2025-11-21 16:53:37.708 [info] > git rev-parse --show-toplevel [54ms]
2025-11-21 16:53:37.708 [info] fatal: not a git repository (or any of the parent directories): .git
2025-11-21 16:53:37.770 [info] > git rev-parse --show-toplevel [59ms]
2025-11-21 16:53:37.770 [info] fatal: not a git repository (or any of the parent directories): .git
2025-11-21 16:53:37.824 [info] > git rev-parse --show-toplevel [51ms]
2025-11-21 16:53:37.824 [info] fatal: not a git repository (or any of the parent directories): .git
2025-11-21 16:53:37.880 [info] > git rev-parse --show-toplevel [52ms]
2025-11-21 16:53:37.880 [info] fatal: not a git repository (or any of the parent directories): .git
2025-11-21 16:53:37.883 [info] [Model][doInitialScan] Initial repository scan completed - repositories (0), closed repositories (0), parent repositories (0), unsafe repositories (0)
2025-11-21 16:53:38.438 [info] > git rev-parse --show-toplevel [57ms]
2025-11-21 16:53:38.438 [info] fatal: not a git repository (or any of the parent directories): .git
2025-11-21 16:53:55.866 [warning] [Model][getRepositoryExact] Failed to get repository realpath for: "c:\Users\nicki\FSP\.vscode\ext\.b74d72d5-5462-4afb-9c65-8e1d38110af4\". Error:Error: ENOENT: no such file or directory, realpath 'c:\Users\nicki\FSP\.vscode\ext\.b74d72d5-5462-4afb-9c65-8e1d38110af4'
2025-11-21 16:53:55.868 [warning] [Model][getRepositoryExact] Failed to get repository realpath for: "c:\Users\nicki\FSP\.vscode\ext\.26d09abd-50f7-4b7c-9833-31e4c2702210\bundled\libs\debugpy\_vendored\pydevd\_pydevd_frame_eval\". Error:Error: ENOENT: no such file or directory, realpath 'c:\Users\nicki\FSP\.vscode\ext\.26d09abd-50f7-4b7c-9833-31e4c2702210\bundled\libs\debugpy\_vendored\pydevd\_pydevd_frame_eval'
2025-11-21 16:53:55.870 [warning] [Model][getRepositoryExact] Failed to get repository realpath for: "c:\Users\nicki\FSP\.vscode\ext\.26d09abd-50f7-4b7c-9833-31e4c2702210\bundled\libs\debugpy\_vendored\pydevd\pydevd_attach_to_process\linux_and_mac\". Error:Error: ENOENT: no such file or directory, realpath 'c:\Users\nicki\FSP\.vscode\ext\.26d09abd-50f7-4b7c-9833-31e4c2702210\bundled\libs\debugpy\_vendored\pydevd\pydevd_attach_to_process\linux_and_mac'
2025-11-21 16:54:10.792 [info] > git rev-parse --show-toplevel [76ms]
2025-11-21 16:54:10.792 [info] fatal: not a git repository (or any of the parent directories): .git
2025-11-21 16:54:10.868 [info] > git rev-parse --show-toplevel [71ms]
2025-11-21 16:54:10.868 [info] fatal: not a git repository (or any of the parent directories): .git
2025-11-21 16:54:14.246 [info] > git rev-parse --show-toplevel [334ms]
2025-11-21 16:54:14.246 [info] fatal: not a git repository (or any of the parent directories): .git
2025-11-21 16:54:17.003 [info] > git rev-parse --show-toplevel [71ms]
2025-11-21 16:54:17.003 [info] fatal: not a git repository (or any of the parent directories): .git
2025-11-21 16:54:18.150 [info] > git rev-parse --show-toplevel [81ms]
2025-11-21 16:54:18.151 [info] fatal: not a git repository (or any of the parent directories): .git
