2025-11-21 16:49:54 [INFO] Logger erfolgreich initialisiert.
2025-11-21 16:49:54 [WARNING] Gesetzbuch-Datei NICHT gefunden.
2025-11-21 16:49:54 [INFO] SQLite Engine initialisiert.
2025-11-21 16:49:54 [INFO] state erfolgreich initialisiert.
2025-11-21 16:49:54 [INFO] Self-Test: Logeintrag erfolgreich.
2025-11-21 16:58:13 [INFO] Logger erfolgreich initialisiert.
2025-11-21 16:58:13 [WARNING] Gesetzbuch-Datei NICHT gefunden.
2025-11-21 16:58:13 [INFO] SQLite Engine initialisiert.
2025-11-21 16:58:13 [INFO] state erfolgreich initialisiert.
2025-11-21 16:58:13 [INFO] Alle Tabellen wurden erfolgreich erstellt.
2025-11-21 17:00:00 [INFO] Logger erfolgreich initialisiert.
2025-11-21 17:00:00 [WARNING] Gesetzbuch-Datei NICHT gefunden.
2025-11-21 17:00:00 [INFO] SQLite Engine initialisiert.
2025-11-21 17:00:00 [INFO] state erfolgreich initialisiert.
2025-11-21 17:00:00 [INFO] Alle Tabellen wurden erfolgreich erstellt.
2025-11-21 17:00:00 [ERROR] Gesetzbuch-Rohtext ist leer! Parser kann nicht starten.
2025-11-21 17:00:37 [INFO] Logger erfolgreich initialisiert.
2025-11-21 17:00:37 [INFO] Gesetzbuch-Datei geladen.
2025-11-21 17:00:37 [INFO] SQLite Engine initialisiert.
2025-11-21 17:00:37 [INFO] state erfolgreich initialisiert.
2025-11-21 17:00:37 [INFO] Alle Tabellen wurden erfolgreich erstellt.
2025-11-21 17:00:37 [INFO] Alte Gesetzbuch-Einträge gelöscht.
2025-11-21 17:00:37 [INFO] Gesetzbuch erfolgreich geparst und in die Datenbank geschrieben.
2025-11-21 17:03:48 [INFO] Logger erfolgreich initialisiert.
2025-11-21 17:03:48 [INFO] Gesetzbuch-Datei geladen.
2025-11-21 17:03:48 [INFO] SQLite Engine initialisiert.
2025-11-21 17:03:48 [INFO] state erfolgreich initialisiert.
2025-11-21 17:03:48 [INFO] Alle Tabellen wurden erfolgreich erstellt.
2025-11-21 17:03:48 [INFO] Alte Gesetzbuch-Einträge gelöscht.
2025-11-21 17:03:48 [INFO] Gesetzbuch erfolgreich geparst und in die Datenbank geschrieben.
2025-11-21 17:03:48 [INFO] Alle Spieler, Länder, Großmächte und Stiche erfolgreich erstellt.
2025-11-21 17:06:26 [INFO] Logger erfolgreich initialisiert.
2025-11-21 17:06:26 [INFO] Gesetzbuch-Datei geladen.
2025-11-21 17:06:26 [INFO] SQLite Engine initialisiert.
2025-11-21 17:06:26 [INFO] state erfolgreich initialisiert.
2025-11-21 17:06:26 [INFO] Alle Tabellen wurden erfolgreich erstellt.
2025-11-21 17:06:26 [INFO] Alte Gesetzbuch-Einträge gelöscht.
2025-11-21 17:06:26 [INFO] Gesetzbuch erfolgreich geparst und in die Datenbank geschrieben.
2025-11-21 17:08:17 [INFO] Logger erfolgreich initialisiert.
2025-11-21 17:08:17 [INFO] Gesetzbuch-Datei geladen.
2025-11-21 17:08:17 [INFO] SQLite Engine initialisiert.
2025-11-21 17:08:17 [INFO] state erfolgreich initialisiert.
2025-11-21 17:08:17 [INFO] Alle Tabellen wurden erfolgreich erstellt.
2025-11-21 17:08:17 [INFO] Alte Gesetzbuch-Einträge gelöscht.
2025-11-21 17:08:17 [INFO] Gesetzbuch erfolgreich geparst und in die Datenbank geschrieben.
2025-11-21 17:08:17 [INFO] Alle Spieler, Länder, Großmächte und Stiche erfolgreich erstellt.
2025-11-21 17:08:17 [INFO] Streamlit-Web-App-Grundstruktur initialisiert.
2025-11-21 17:08:26 [INFO] Logger erfolgreich initialisiert.
2025-11-21 17:08:26 [INFO] Gesetzbuch-Datei geladen.
2025-11-21 17:08:26 [INFO] SQLite Engine initialisiert.
2025-11-21 17:08:26 [INFO] state erfolgreich initialisiert.
2025-11-21 17:08:26 [INFO] Alle Tabellen wurden erfolgreich erstellt.
2025-11-21 17:08:26 [INFO] Alte Gesetzbuch-Einträge gelöscht.
2025-11-21 17:08:26 [INFO] Gesetzbuch erfolgreich geparst und in die Datenbank geschrieben.
2025-11-21 17:11:33 [INFO] Logger erfolgreich initialisiert.
2025-11-21 17:11:33 [INFO] Gesetzbuch-Datei geladen.
2025-11-21 17:11:33 [INFO] SQLite Engine initialisiert.
2025-11-21 17:11:33 [INFO] state erfolgreich initialisiert.
2025-11-21 17:11:33 [INFO] Alle Tabellen wurden erfolgreich erstellt.
2025-11-21 17:11:33 [INFO] Alte Gesetzbuch-Einträge gelöscht.
2025-11-21 17:11:33 [INFO] Gesetzbuch erfolgreich geparst und in die Datenbank geschrieben.
2025-11-21 17:11:33 [INFO] Alle Spieler, Länder, Großmächte und Stiche erfolgreich erstellt.
2025-11-21 17:11:33 [INFO] Streamlit-Web-App-Grundstruktur initialisiert.
2025-11-21 17:11:33 [INFO] Spielerdaten bereits vorhanden – Initialisierung wird übersprungen.
2025-11-21 17:11:48 [INFO] Logger erfolgreich initialisiert.
2025-11-21 17:11:48 [INFO] Gesetzbuch-Datei geladen.
2025-11-21 17:11:48 [INFO] SQLite Engine initialisiert.
2025-11-21 17:11:48 [INFO] state erfolgreich initialisiert.
2025-11-21 17:11:48 [INFO] Alle Tabellen wurden erfolgreich erstellt.
2025-11-21 17:11:48 [INFO] Alte Gesetzbuch-Einträge gelöscht.
2025-11-21 17:11:48 [INFO] Gesetzbuch erfolgreich geparst und in die Datenbank geschrieben.
